<?xml version="1.0" encoding="UTF-8"?>
<!-- Generated by org.testng.reporters.JUnitXMLReporter -->
<testsuite ignored="0" hostname="DESKTOP-19MK4S1" failures="0" tests="5" name="Default test" time="0.91" errors="0" timestamp="2024-09-26T08:37:39 IST">
  <testcase classname="datadriventesting.ExcelToDataProviderClass" name="runData" time="0.014"/>
  <testcase classname="datadriventesting.ExcelToDataProviderClass" name="runData" time="0.002"/>
  <testcase classname="datadriventesting.ExcelToDataProviderClass" name="runData" time="0.003"/>
  <testcase classname="datadriventesting.ExcelToDataProviderClass" name="runData" time="0.002"/>
  <testcase classname="datadriventesting.ExcelToDataProviderClass" name="runData" time="0.002"/>
</testsuite> <!-- Default test -->
