<?xml version="1.0" encoding="UTF-8"?>
<!-- Generated by org.testng.reporters.JUnitXMLReporter -->
<testsuite ignored="0" hostname="DESKTOP-19MK4S1" failures="0" tests="6" name="Test" time="20.434" errors="0" timestamp="2023-08-13T11:32:49 IST">
  <testcase classname="com.trello.qspiders.genericutility.BaseClass" name="@BeforeMethod configureBeforeMethod" time="3.48">
    <failure type="org.openqa.selenium.StaleElementReferenceException" message="stale element reference: stale element not found
  (Session info: chrome=115.0.5790.171)
For documentation on this error, please visit: https://selenium.dev/exceptions/#stale_element_reference
Build info: version: &amp;apos;4.8.3&amp;apos;, revision: &amp;apos;e5e76298c3&amp;apos;
System info: os.name: &amp;apos;Windows 11&amp;apos;, os.arch: &amp;apos;amd64&amp;apos;, os.version: &amp;apos;10.0&amp;apos;, java.version: &amp;apos;18.0.2.1&amp;apos;
Driver info: org.openqa.selenium.chrome.ChromeDriver
Command: [ea6c9754ef6ae6eb39abcac02bd0b6dd, clickElement {id=7738D24C66FEA8B9B7F495F9CA0BCA2B_element_31}]
Capabilities {acceptInsecureCerts: false, browserName: chrome, browserVersion: 115.0.5790.171, chrome: {chromedriverVersion: 114.0.5735.90 (386bc09e8f4f..., userDataDir: C:\Users\JAYANTH\AppData\Lo...}, goog:chromeOptions: {debuggerAddress: localhost:55599}, networkConnectionEnabled: false, pageLoadStrategy: normal, platformName: WINDOWS, proxy: Proxy(), se:cdp: ws://localhost:55599/devtoo..., se:cdpVersion: 115.0.5790.171, setWindowRect: true, strictFileInteractability: false, timeouts: {implicit: 0, pageLoad: 300000, script: 30000}, unhandledPromptBehavior: dismiss and notify, webauthn:extension:credBlob: true, webauthn:extension:largeBlob: true, webauthn:extension:minPinLength: true, webauthn:extension:prf: true, webauthn:virtualAuthenticators: true}
Element: [[ChromeDriver: chrome on WINDOWS (ea6c9754ef6ae6eb39abcac02bd0b6dd)] -&amp;gt; xpath: //a[text()=&amp;apos;Get Trello for free&amp;apos;]/preceding-sibling::a[text()=&amp;apos;Log in&amp;apos;]]
Session ID: ea6c9754ef6ae6eb39abcac02bd0b6dd">
      <![CDATA[org.openqa.selenium.StaleElementReferenceException: stale element reference: stale element not found
  (Session info: chrome=115.0.5790.171)
For documentation on this error, please visit: https://selenium.dev/exceptions/#stale_element_reference
Build info: version: '4.8.3', revision: 'e5e76298c3'
System info: os.name: 'Windows 11', os.arch: 'amd64', os.version: '10.0', java.version: '18.0.2.1'
Driver info: org.openqa.selenium.chrome.ChromeDriver
Command: [ea6c9754ef6ae6eb39abcac02bd0b6dd, clickElement {id=7738D24C66FEA8B9B7F495F9CA0BCA2B_element_31}]
Capabilities {acceptInsecureCerts: false, browserName: chrome, browserVersion: 115.0.5790.171, chrome: {chromedriverVersion: 114.0.5735.90 (386bc09e8f4f..., userDataDir: C:\Users\JAYANTH\AppData\Lo...}, goog:chromeOptions: {debuggerAddress: localhost:55599}, networkConnectionEnabled: false, pageLoadStrategy: normal, platformName: WINDOWS, proxy: Proxy(), se:cdp: ws://localhost:55599/devtoo..., se:cdpVersion: 115.0.5790.171, setWindowRect: true, strictFileInteractability: false, timeouts: {implicit: 0, pageLoad: 300000, script: 30000}, unhandledPromptBehavior: dismiss and notify, webauthn:extension:credBlob: true, webauthn:extension:largeBlob: true, webauthn:extension:minPinLength: true, webauthn:extension:prf: true, webauthn:virtualAuthenticators: true}
Element: [[ChromeDriver: chrome on WINDOWS (ea6c9754ef6ae6eb39abcac02bd0b6dd)] -> xpath: //a[text()='Get Trello for free']/preceding-sibling::a[text()='Log in']]
Session ID: ea6c9754ef6ae6eb39abcac02bd0b6dd
at org.openqa.selenium.remote.codec.w3c.W3CHttpResponseCodec.createException(W3CHttpResponseCodec.java:200)
at org.openqa.selenium.remote.codec.w3c.W3CHttpResponseCodec.decode(W3CHttpResponseCodec.java:133)
at org.openqa.selenium.remote.codec.w3c.W3CHttpResponseCodec.decode(W3CHttpResponseCodec.java:53)
at org.openqa.selenium.remote.HttpCommandExecutor.execute(HttpCommandExecutor.java:193)
at org.openqa.selenium.remote.service.DriverCommandExecutor.invokeExecute(DriverCommandExecutor.java:183)
at org.openqa.selenium.remote.service.DriverCommandExecutor.execute(DriverCommandExecutor.java:158)
at org.openqa.selenium.remote.RemoteWebDriver.execute(RemoteWebDriver.java:543)
at org.openqa.selenium.remote.RemoteWebElement.execute(RemoteWebElement.java:257)
at org.openqa.selenium.remote.RemoteWebElement.click(RemoteWebElement.java:78)
at org.openqa.selenium.support.pagefactory.internal.LocatingElementHandler.invoke(LocatingElementHandler.java:52)
at jdk.proxy2/jdk.proxy2.$Proxy18.click(Unknown Source)
at com.trello.qspiders.genericutility.BaseClass.configureBeforeMethod(BaseClass.java:56)
at java.base/java.util.concurrent.ThreadPoolExecutor.runWorker(ThreadPoolExecutor.java:1136)
at java.base/java.util.concurrent.ThreadPoolExecutor$Worker.run(ThreadPoolExecutor.java:635)
at java.base/java.lang.Thread.run(Thread.java:833)
... Removed 19 stack frames]]>
    </failure>
  </testcase> <!-- @BeforeMethod configureBeforeMethod -->
  <testcase classname="com.trello.qspiders.genericutility.BaseClass" name="@AfterMethod configureAfterMethod" time="0.0">
    <skipped/>
  </testcase> <!-- @AfterMethod configureAfterMethod -->
  <testcase classname="com.trello.qspiders.genericutility.BaseClass" name="@BeforeMethod configureBeforeMethod" time="0.0">
    <skipped/>
  </testcase> <!-- @BeforeMethod configureBeforeMethod -->
  <testcase classname="com.trello.qspiders.genericutility.BaseClass" name="@AfterMethod configureAfterMethod" time="0.0">
    <skipped/>
  </testcase> <!-- @AfterMethod configureAfterMethod -->
  <testcase classname="com.trello.qspiders.genericutility.BaseClass" name="@BeforeMethod configureBeforeMethod" time="0.0">
    <skipped/>
  </testcase> <!-- @BeforeMethod configureBeforeMethod -->
  <testcase classname="com.trello.qspiders.genericutility.BaseClass" name="@AfterMethod configureAfterMethod" time="0.0">
    <skipped/>
  </testcase> <!-- @AfterMethod configureAfterMethod -->
  <testcase classname="com.trello.qspiders.genericutility.BaseClass" name="@BeforeMethod configureBeforeMethod" time="0.0">
    <skipped/>
  </testcase> <!-- @BeforeMethod configureBeforeMethod -->
  <testcase classname="com.trello.qspiders.genericutility.BaseClass" name="@AfterMethod configureAfterMethod" time="0.0">
    <skipped/>
  </testcase> <!-- @AfterMethod configureAfterMethod -->
  <testcase classname="com.trello.qspiders.genericutility.BaseClass" name="@BeforeMethod configureBeforeMethod" time="0.0">
    <skipped/>
  </testcase> <!-- @BeforeMethod configureBeforeMethod -->
  <testcase classname="com.trello.qspiders.genericutility.BaseClass" name="@AfterMethod configureAfterMethod" time="0.0">
    <skipped/>
  </testcase> <!-- @AfterMethod configureAfterMethod -->
  <testcase classname="com.trello.qspiders.genericutility.BaseClass" name="@AfterMethod configureAfterMethod" time="0.0">
    <skipped/>
  </testcase> <!-- @AfterMethod configureAfterMethod -->
  <testcase classname="com.trello.qspiders.genericutility.BaseClass" name="@AfterClass configureAfterClass" time="0.0">
    <skipped/>
  </testcase> <!-- @AfterClass configureAfterClass -->
  <testcase classname="com.trello.qspiders.endtoendtest.TrelloEndToEndTest" name="createAndDeleteBoard" time="0.0">
    <skipped/>
  </testcase> <!-- createAndDeleteBoard -->
  <testcase classname="com.trello.qspiders.endtoendtest.TrelloEndToEndTest" name="addListsToBoard" time="0.0">
    <skipped/>
  </testcase> <!-- addListsToBoard -->
  <testcase classname="com.trello.qspiders.endtoendtest.TrelloEndToEndTest" name="differentiateTheCards" time="0.0">
    <skipped/>
  </testcase> <!-- differentiateTheCards -->
  <testcase classname="com.trello.qspiders.endtoendtest.TrelloEndToEndTest" name="moveCardToLast" time="0.0">
    <skipped/>
  </testcase> <!-- moveCardToLast -->
  <testcase classname="com.trello.qspiders.endtoendtest.TrelloEndToEndTest" name="addDescription" time="0.0">
    <skipped/>
  </testcase> <!-- addDescription -->
  <testcase classname="com.trello.qspiders.endtoendtest.TrelloEndToEndTest" name="loginToTrello" time="0.0">
    <skipped/>
  </testcase> <!-- loginToTrello -->
</testsuite> <!-- Test -->
